c:\hpc2016\debug\vc140.pdb
c:\hpc2016\debug\vc140.idb
c:\hpc2016\debug\action.nativecodeanalysis.xml
c:\hpc2016\debug\answer.nativecodeanalysis.xml
c:\hpc2016\debug\asteroid.nativecodeanalysis.xml
c:\hpc2016\debug\game.nativecodeanalysis.xml
c:\hpc2016\debug\laser.nativecodeanalysis.xml
c:\hpc2016\debug\main.nativecodeanalysis.xml
c:\hpc2016\debug\math.nativecodeanalysis.xml
c:\hpc2016\debug\parameter.nativecodeanalysis.xml
c:\hpc2016\debug\random.nativecodeanalysis.xml
c:\hpc2016\debug\randomseed.nativecodeanalysis.xml
c:\hpc2016\debug\recorder.nativecodeanalysis.xml
c:\hpc2016\debug\ship.nativecodeanalysis.xml
c:\hpc2016\debug\simulator.nativecodeanalysis.xml
c:\hpc2016\debug\stage.nativecodeanalysis.xml
c:\hpc2016\debug\timer.nativecodeanalysis.xml
c:\hpc2016\debug\util.nativecodeanalysis.xml
c:\hpc2016\debug\vector2.nativecodeanalysis.xml
c:\hpc2016\debug\vector2.obj
c:\hpc2016\debug\util.obj
c:\hpc2016\debug\timer.obj
c:\hpc2016\debug\stage.obj
c:\hpc2016\debug\simulator.obj
c:\hpc2016\debug\ship.obj
c:\hpc2016\debug\recorder.obj
c:\hpc2016\debug\randomseed.obj
c:\hpc2016\debug\random.obj
c:\hpc2016\debug\parameter.obj
c:\hpc2016\debug\math.obj
c:\hpc2016\debug\main.obj
c:\hpc2016\debug\laser.obj
c:\hpc2016\debug\game.obj
c:\hpc2016\debug\asteroid.obj
c:\hpc2016\debug\answer.obj
c:\hpc2016\debug\action.obj
c:\hpc2016\debug\hpc2016.ilk
c:\hpc2016\debug\hpc2016.exe
c:\hpc2016\debug\hpc2016.pdb
c:\hpc2016\debug\nativecodeanalysis.read.1.tlog
c:\hpc2016\debug\vc.nativecodeanalysis.all.xml
c:\hpc2016\debug\hpc2016.exe.lastcodeanalysissucceeded
c:\hpc2016\debug\hpc2016.tlog\cl.command.1.tlog
c:\hpc2016\debug\hpc2016.tlog\cl.read.1.tlog
c:\hpc2016\debug\hpc2016.tlog\cl.write.1.tlog
c:\hpc2016\debug\hpc2016.tlog\link.command.1.tlog
c:\hpc2016\debug\hpc2016.tlog\link.read.1.tlog
c:\hpc2016\debug\hpc2016.tlog\link.write.1.tlog
