c:\hpc2016\release\vc140.pdb
c:\hpc2016\release\vector2.obj
c:\hpc2016\release\util.obj
c:\hpc2016\release\timer.obj
c:\hpc2016\release\stage.obj
c:\hpc2016\release\simulator.obj
c:\hpc2016\release\ship.obj
c:\hpc2016\release\recorder.obj
c:\hpc2016\release\randomseed.obj
c:\hpc2016\release\random.obj
c:\hpc2016\release\parameter.obj
c:\hpc2016\release\math.obj
c:\hpc2016\release\main.obj
c:\hpc2016\release\laser.obj
c:\hpc2016\release\game.obj
c:\hpc2016\release\asteroid.obj
c:\hpc2016\release\action.obj
c:\hpc2016\release\answer.obj
c:\hpc2016\release\hpc2016.exe
c:\hpc2016\release\hpc2016.ipdb
c:\hpc2016\release\hpc2016.iobj
c:\hpc2016\release\hpc2016.pdb
c:\hpc2016\release\action.nativecodeanalysis.xml
c:\hpc2016\release\answer.nativecodeanalysis.xml
c:\hpc2016\release\asteroid.nativecodeanalysis.xml
c:\hpc2016\release\game.nativecodeanalysis.xml
c:\hpc2016\release\laser.nativecodeanalysis.xml
c:\hpc2016\release\main.nativecodeanalysis.xml
c:\hpc2016\release\math.nativecodeanalysis.xml
c:\hpc2016\release\parameter.nativecodeanalysis.xml
c:\hpc2016\release\random.nativecodeanalysis.xml
c:\hpc2016\release\randomseed.nativecodeanalysis.xml
c:\hpc2016\release\recorder.nativecodeanalysis.xml
c:\hpc2016\release\ship.nativecodeanalysis.xml
c:\hpc2016\release\simulator.nativecodeanalysis.xml
c:\hpc2016\release\stage.nativecodeanalysis.xml
c:\hpc2016\release\timer.nativecodeanalysis.xml
c:\hpc2016\release\util.nativecodeanalysis.xml
c:\hpc2016\release\vector2.nativecodeanalysis.xml
c:\hpc2016\release\hpc2016.tlog\cl.command.1.tlog
c:\hpc2016\release\hpc2016.tlog\cl.read.1.tlog
c:\hpc2016\release\hpc2016.tlog\cl.write.1.tlog
c:\hpc2016\release\hpc2016.tlog\link.command.1.tlog
c:\hpc2016\release\hpc2016.tlog\link.read.1.tlog
c:\hpc2016\release\hpc2016.tlog\link.write.1.tlog
