  Action.cpp
  Answer.cpp
  Asteroid.cpp
  Game.cpp
  Laser.cpp
  Main.cpp
  Math.cpp
  Parameter.cpp
  Random.cpp
  RandomSeed.cpp
  Recorder.cpp
  Ship.cpp
  Simulator.cpp
  Stage.cpp
  Timer.cpp
  Util.cpp
  Vector2.cpp
  コード生成しています。
  924 of 924 functions (100.0%) were compiled, the rest were copied from previous compilation.
    103 functions were new in current compilation
    0 functions had inline decision re-evaluated but remain unchanged
  コード生成が終了しました。
  HPC2016.vcxproj -> C:\hpc2016\Release\HPC2016.exe
  HPC2016.vcxproj -> C:\hpc2016\Release\HPC2016.pdb (Full PDB)
